[2017-08-11 11:32:00] my_logger.INFO: My logger is now ready [] []
[2017-08-11 11:32:08] my_logger.INFO: My logger is now ready [] []
[2017-08-11 11:35:55] my_logger.INFO: My logger is now ready [] []
[2017-08-11 11:35:55] my_logger.INFO: Mail sent to,  {"confirmkey":"8432658743265732tzugqzu4t8734z34tr643q"} []
[2017-08-11 11:36:48] my_logger.INFO: My logger is now ready [] []
[2017-08-11 11:36:49] my_logger.INFO: Mail sent to,  {"first_name":"Richard","last_name":"Tenorio","email":"richard.martinstenorio@epfl.ch","telephone":"","comments":""} []
[2017-08-11 11:38:51] my_logger.INFO: My logger is now ready [] []
[2017-08-11 11:38:52] my_logger.INFO: Send_form_email REQUEST =  {"first_name":"Richard","last_name":"Tenorio","email":"richard.martinstenorio@epfl.ch","telephone":"","comments":""} []
[2017-08-11 11:39:45] my_logger.INFO: My logger is now ready [] []
[2017-08-11 11:39:46] my_logger.INFO: Send_form_email REQUEST =  {"first_name":"Richard","last_name":"Tenorio","email":"richard.martinstenorio@epfl.ch","telephone":"","comments":""} []
[2017-08-11 11:39:46] my_logger.INFO: ... confirm link =  ["http://localhost/confirmaccount.phpmysupersecrectconfirmkey"] []
[2017-08-11 11:40:20] my_logger.INFO: My logger is now ready [] []
[2017-08-11 11:40:21] my_logger.INFO: Send_form_email REQUEST =  {"first_name":"Richard","last_name":"Tenorio","email":"richard.martinstenorio@epfl.ch","telephone":"","comments":""} []
[2017-08-11 11:40:21] my_logger.INFO: ... confirm link =  ["http://localhost/confirmaccount.php?confirmkey=mysupersecrectconfirmkey"] []
[2017-08-11 11:41:40] my_logger.INFO: My logger is now ready [] []
[2017-08-11 11:41:42] my_logger.INFO: Send_form_email REQUEST =  {"first_name":"Richard","last_name":"Tenorio","email":"richard.martinstenorio@epfl.ch","telephone":"","comments":""} []
[2017-08-11 11:41:42] my_logger.INFO: ... confirm link =  ["http://localhost//mailer/send_form_email.php/confirmaccount.php?confirmkey=mysupersecrectconfirmkey"] []
[2017-08-11 11:41:59] my_logger.INFO: My logger is now ready [] []
[2017-08-11 11:42:00] my_logger.INFO: Send_form_email REQUEST =  {"first_name":"Richard","last_name":"Tenorio","email":"richard.martinstenorio@epfl.ch","telephone":"","comments":""} []
[2017-08-11 11:42:00] my_logger.INFO: ... confirm link =  ["http://localhost/mailer/send_form_email.php/confirmaccount.php?confirmkey=mysupersecrectconfirmkey"] []
[2017-08-11 11:42:11] my_logger.INFO: My logger is now ready [] []
[2017-08-11 11:42:11] my_logger.INFO: Send_form_email REQUEST =  {"confirmkey":"mysupersecrectconfirmkey"} []
[2017-08-11 11:42:11] my_logger.INFO: ... confirm link =  ["http://localhost/mailer/send_form_email.php/confirmaccount.php?confirmkey=mysupersecrectconfirmkey/confirmaccount.php?confirmkey=mysupersecrectconfirmkey"] []
[2017-08-11 11:43:11] my_logger.INFO: My logger is now ready [] []
[2017-08-11 11:43:11] my_logger.INFO: Send_form_email REQUEST =  {"confirmkey":"mysupersecrectconfirmkey"} []
[2017-08-11 11:43:11] my_logger.INFO: ... confirm link =  ["http://localhostmailer/confirmaccount.php?confirmkey=mysupersecrectconfirmkey"] []
[2017-08-11 11:43:14] my_logger.INFO: My logger is now ready [] []
[2017-08-11 11:43:14] my_logger.INFO: Send_form_email REQUEST =  {"confirmkey":"mysupersecrectconfirmkey"} []
[2017-08-11 11:43:14] my_logger.INFO: ... confirm link =  ["http://localhostmailer/confirmaccount.php?confirmkey=mysupersecrectconfirmkey"] []
[2017-08-11 11:43:21] my_logger.INFO: My logger is now ready [] []
[2017-08-11 11:43:23] my_logger.INFO: Send_form_email REQUEST =  {"first_name":"Richard","last_name":"Tenorio","email":"richard.martinstenorio@epfl.ch","telephone":"","comments":""} []
[2017-08-11 11:43:23] my_logger.INFO: ... confirm link =  ["http://localhostmailer/confirmaccount.php?confirmkey=mysupersecrectconfirmkey"] []
[2017-08-11 11:44:19] my_logger.INFO: My logger is now ready [] []
[2017-08-11 11:44:20] my_logger.INFO: Send_form_email REQUEST =  {"first_name":"Richard","last_name":"Tenorio","email":"richard.martinstenorio@epfl.ch","telephone":"","comments":""} []
[2017-08-11 11:44:20] my_logger.INFO: ... confirm link =  ["http://localhost/mailer/confirmaccount.php?confirmkey=mysupersecrectconfirmkey"] []
[2017-08-11 12:01:14] my_logger.INFO: My logger is now ready [] []
[2017-08-11 12:01:16] my_logger.INFO: Send_form_email REQUEST =  {"first_name":"Richard","last_name":"Tenorio","email":"richard.martinstenorio@epfl.ch","telephone":"","comments":""} []
[2017-08-11 12:01:16] my_logger.INFO: ... confirm link =  ["http://localhost/mailer/confirmaccount.php?confirmkey=mysupersecrectconfirmkey"] []
[2017-08-11 12:07:08] my_logger.INFO: My logger is now ready [] []
[2017-08-11 12:08:25] my_logger.INFO: My logger is now ready [] []
[2017-08-11 12:09:24] my_logger.INFO: My logger is now ready [] []
[2017-08-11 12:09:52] my_logger.INFO: My logger is now ready [] []
[2017-08-11 12:10:18] my_logger.INFO: My logger is now ready [] []
[2017-08-11 12:10:19] my_logger.INFO: Send_form_email REQUEST =  {"first_name":"Richard","last_name":"Tenorio","email":"richard.martinstenorio@epfl.ch","telephone":"","comments":""} []
[2017-08-11 12:10:19] my_logger.INFO: ... confirm link =  ["http://localhost/mailer/confirmaccount.php?confirmkey=mysupersecrectconfirmkey"] []
[2017-08-11 12:10:36] my_logger.INFO: My logger is now ready [] []
[2017-08-11 12:10:37] my_logger.INFO: My logger is now ready [] []
[2017-08-11 12:11:46] my_logger.INFO: My logger is now ready [] []
[2017-08-11 12:14:49] my_logger.INFO: My logger is now ready [] []
[2017-08-11 12:14:50] my_logger.INFO: Send_form_email REQUEST =  {"first_name":"Richard","last_name":"Tenorio","email":"richard.martinstenorio@epfl.ch","telephone":"","comments":""} []
[2017-08-11 12:14:50] my_logger.INFO: ... confirm link =  ["http://localhost/mailer/confirmaccount.php?confirmkey=mysupersecrectconfirmkey"] []
[2017-08-11 12:15:20] my_logger.INFO: My logger is now ready [] []
[2017-08-11 12:15:21] my_logger.INFO: Send_form_email REQUEST =  {"first_name":"Richard","last_name":"Tenorio","email":"richard.martinstenorio@epfl.ch","telephone":"","comments":""} []
[2017-08-11 12:15:21] my_logger.INFO: ... confirm link =  ["http://localhost/mailer/confirmaccount.php?confirmkey=mysupersecrectconfirmkey"] []
[2017-08-11 12:16:04] my_logger.INFO: My logger is now ready [] []
[2017-08-11 12:16:06] my_logger.INFO: Send_form_email REQUEST =  {"first_name":"Richard","last_name":"Tenorio","email":"richard.martinstenorio@epfl.ch","telephone":"","comments":""} []
[2017-08-11 12:16:06] my_logger.INFO: ... confirm link =  ["http://localhost/mailer/confirmaccount.php?confirmkey=mysupersecrectconfirmkey"] []
